<?xml version="1.0" encoding="UTF-8"?>
<testng-results skipped="0" failed="0" ignored="0" total="1" passed="1">
  <reporter-output>
  </reporter-output>
  <suite name="Suite" duration-ms="12938" started-at="2020-12-25T19:39:01 IST" finished-at="2020-12-25T19:39:14 IST">
    <groups>
      <group name="cucumber">
        <method signature="AbstractTestNGCucumberTests.feature(cucumber.api.testng.CucumberFeatureWrapper)[pri:0, instance:cucumberoptions.Testrunner@20322d26]" name="feature" class="cucumber.api.testng.AbstractTestNGCucumberTests"/>
      </group> <!-- cucumber -->
    </groups>
    <test name="Test" duration-ms="12938" started-at="2020-12-25T19:39:01 IST" finished-at="2020-12-25T19:39:14 IST">
      <class name="cucumberoptions.Testrunner">
        <test-method status="PASS" signature="setUpClass()[pri:0, instance:cucumberoptions.Testrunner@20322d26]" name="setUpClass" is-config="true" duration-ms="380" started-at="2020-12-25T19:39:01 IST" finished-at="2020-12-25T19:39:02 IST">
          <reporter-output>
          </reporter-output>
        </test-method> <!-- setUpClass -->
        <test-method status="PASS" signature="feature(cucumber.api.testng.CucumberFeatureWrapper)[pri:0, instance:cucumberoptions.Testrunner@20322d26]" name="feature" duration-ms="12387" started-at="2020-12-25T19:39:02 IST" description="Runs Cucumber Feature" data-provider="features" finished-at="2020-12-25T19:39:14 IST">
          <params>
            <param index="0">
              <value>
                <![CDATA[new repository validation]]>
              </value>
            </param>
          </params>
          <reporter-output>
          </reporter-output>
        </test-method> <!-- feature -->
        <test-method status="PASS" signature="tearDownClass()[pri:0, instance:cucumberoptions.Testrunner@20322d26]" name="tearDownClass" is-config="true" duration-ms="5" started-at="2020-12-25T19:39:14 IST" finished-at="2020-12-25T19:39:14 IST">
          <reporter-output>
          </reporter-output>
        </test-method> <!-- tearDownClass -->
      </class> <!-- cucumberoptions.Testrunner -->
    </test> <!-- Test -->
  </suite> <!-- Suite -->
</testng-results>
